<?xml version="1.0" encoding="UTF-8"?>
<coverage generated="1695126707096" clover="3.2.0">
  <project timestamp="1695126707096" name="All files">
    <metrics statements="4" coveredstatements="2" conditionals="0" coveredconditionals="0" methods="2" coveredmethods="2" elements="6" coveredelements="4" complexity="0" loc="4" ncloc="4" packages="1" files="4" classes="4"/>
    <file name="Header.jsx" path="/Users/alexeipoliuhovici/Documents/testLib/preact-simple-and-test-app/src/Header.jsx">
      <metrics statements="1" coveredstatements="1" conditionals="0" coveredconditionals="0" methods="1" coveredmethods="1"/>
      <line num="4" count="2" type="stmt"/>
    </file>
    <file name="index.js" path="/Users/alexeipoliuhovici/Documents/testLib/preact-simple-and-test-app/src/index.js">
      <metrics statements="1" coveredstatements="1" conditionals="0" coveredconditionals="0" methods="1" coveredmethods="1"/>
      <line num="5" count="1" type="stmt"/>
    </file>
    <file name="setupTests.js" path="/Users/alexeipoliuhovici/Documents/testLib/preact-simple-and-test-app/src/setupTests.js">
      <metrics statements="0" coveredstatements="0" conditionals="0" coveredconditionals="0" methods="0" coveredmethods="0"/>
    </file>
    <file name="sw.js" path="/Users/alexeipoliuhovici/Documents/testLib/preact-simple-and-test-app/src/sw.js">
      <metrics statements="2" coveredstatements="0" conditionals="0" coveredconditionals="0" methods="0" coveredmethods="0"/>
      <line num="3" count="0" type="stmt"/>
      <line num="4" count="0" type="stmt"/>
    </file>
  </project>
</coverage>
