{"/Users/alexeipoliuhovici/Documents/testLib/preact-simple-and-test-app/src/Header.jsx": {"path":"/Users/alexeipoliuhovici/Documents/testLib/preact-simple-and-test-app/src/Header.jsx","statementMap":{"0":{"start":{"line":4,"column":1},"end":{"line":6,"column":3}}},"fnMap":{"0":{"name":"Header","decl":{"start":{"line":3,"column":24},"end":{"line":3,"column":30}},"loc":{"start":{"line":3,"column":40},"end":{"line":7,"column":1}},"line":3}},"branchMap":{},"s":{"0":2},"f":{"0":2},"b":{},"_coverageSchema":"1a1c01bbd47fc00a2c39e90264f33305004495a9","hash":"0e47e5aa4b89bf4062b2a1b4c89be907847632bf"}
,"/Users/alexeipoliuhovici/Documents/testLib/preact-simple-and-test-app/src/index.js": {"path":"/Users/alexeipoliuhovici/Documents/testLib/preact-simple-and-test-app/src/index.js","statementMap":{"0":{"start":{"line":5,"column":1},"end":{"line":10,"column":3}}},"fnMap":{"0":{"name":"App","decl":{"start":{"line":4,"column":24},"end":{"line":4,"column":27}},"loc":{"start":{"line":4,"column":30},"end":{"line":11,"column":1}},"line":4}},"branchMap":{},"s":{"0":1},"f":{"0":1},"b":{},"_coverageSchema":"1a1c01bbd47fc00a2c39e90264f33305004495a9","hash":"3b6bff8843363c201f2b1bc6806b7714e573fb29"}
,"/Users/alexeipoliuhovici/Documents/testLib/preact-simple-and-test-app/src/setupTests.js": {"path":"/Users/alexeipoliuhovici/Documents/testLib/preact-simple-and-test-app/src/setupTests.js","statementMap":{},"fnMap":{},"branchMap":{},"s":{},"f":{},"b":{}}
,"/Users/alexeipoliuhovici/Documents/testLib/preact-simple-and-test-app/src/sw.js": {"path":"/Users/alexeipoliuhovici/Documents/testLib/preact-simple-and-test-app/src/sw.js","statementMap":{"0":{"start":{"line":3,"column":0},"end":{"line":3,"column":15}},"1":{"start":{"line":4,"column":0},"end":{"line":4,"column":28}}},"fnMap":{},"branchMap":{},"s":{"0":0,"1":0},"f":{},"b":{}}
}
